Determining if the pthread_create exist failed with the following output:
Change Dir: /home/jacky/Desktop/mobile_ar_system/ar_server/lib/cudasift/CMakeFiles/CMakeTmp

Run Build Command:"/usr/bin/make" "cmTC_78330/fast"
/usr/bin/make -f CMakeFiles/cmTC_78330.dir/build.make CMakeFiles/cmTC_78330.dir/build
make[1]: Entering directory '/home/jacky/Desktop/mobile_ar_system/ar_server/lib/cudasift/CMakeFiles/CMakeTmp'
Building C object CMakeFiles/cmTC_78330.dir/CheckSymbolExists.c.o
/usr/bin/cc   -fPIC    -o CMakeFiles/cmTC_78330.dir/CheckSymbolExists.c.o   -c /home/jacky/Desktop/mobile_ar_system/ar_server/lib/cudasift/CMakeFiles/CMakeTmp/CheckSymbolExists.c
Linking C executable cmTC_78330
/usr/bin/cmake -E cmake_link_script CMakeFiles/cmTC_78330.dir/link.txt --verbose=1
/usr/bin/cc -fPIC     -rdynamic CMakeFiles/cmTC_78330.dir/CheckSymbolExists.c.o  -o cmTC_78330 
CMakeFiles/cmTC_78330.dir/CheckSymbolExists.c.o: In function `main':
CheckSymbolExists.c:(.text+0x1b): undefined reference to `pthread_create'
collect2: error: ld returned 1 exit status
CMakeFiles/cmTC_78330.dir/build.make:97: recipe for target 'cmTC_78330' failed
make[1]: *** [cmTC_78330] Error 1
make[1]: Leaving directory '/home/jacky/Desktop/mobile_ar_system/ar_server/lib/cudasift/CMakeFiles/CMakeTmp'
Makefile:126: recipe for target 'cmTC_78330/fast' failed
make: *** [cmTC_78330/fast] Error 2

File /home/jacky/Desktop/mobile_ar_system/ar_server/lib/cudasift/CMakeFiles/CMakeTmp/CheckSymbolExists.c:
/* */
#include <pthread.h>

int main(int argc, char** argv)
{
  (void)argv;
#ifndef pthread_create
  return ((int*)(&pthread_create))[argc];
#else
  (void)argc;
  return 0;
#endif
}

Determining if the function pthread_create exists in the pthreads failed with the following output:
Change Dir: /home/jacky/Desktop/mobile_ar_system/ar_server/lib/cudasift/CMakeFiles/CMakeTmp

Run Build Command:"/usr/bin/make" "cmTC_43f57/fast"
/usr/bin/make -f CMakeFiles/cmTC_43f57.dir/build.make CMakeFiles/cmTC_43f57.dir/build
make[1]: Entering directory '/home/jacky/Desktop/mobile_ar_system/ar_server/lib/cudasift/CMakeFiles/CMakeTmp'
Building C object CMakeFiles/cmTC_43f57.dir/CheckFunctionExists.c.o
/usr/bin/cc   -fPIC -DCHECK_FUNCTION_EXISTS=pthread_create   -o CMakeFiles/cmTC_43f57.dir/CheckFunctionExists.c.o   -c /usr/share/cmake-3.10/Modules/CheckFunctionExists.c
Linking C executable cmTC_43f57
/usr/bin/cmake -E cmake_link_script CMakeFiles/cmTC_43f57.dir/link.txt --verbose=1
/usr/bin/cc -fPIC -DCHECK_FUNCTION_EXISTS=pthread_create    -rdynamic CMakeFiles/cmTC_43f57.dir/CheckFunctionExists.c.o  -o cmTC_43f57 -lpthreads 
/usr/bin/ld: cannot find -lpthreads
collect2: error: ld returned 1 exit status
CMakeFiles/cmTC_43f57.dir/build.make:97: recipe for target 'cmTC_43f57' failed
make[1]: *** [cmTC_43f57] Error 1
make[1]: Leaving directory '/home/jacky/Desktop/mobile_ar_system/ar_server/lib/cudasift/CMakeFiles/CMakeTmp'
Makefile:126: recipe for target 'cmTC_43f57/fast' failed
make: *** [cmTC_43f57/fast] Error 2


